{"/Users/yagnesh.modh/Projects/innoserve_capita/src/App.js": {"path":"/Users/yagnesh.modh/Projects/innoserve_capita/src/App.js","statementMap":{"0":{"start":{"line":9,"column":29},"end":{"line":9,"column":51}},"1":{"start":{"line":11,"column":12},"end":{"line":42,"column":1}},"2":{"start":{"line":12,"column":2},"end":{"line":41,"column":11}},"3":{"start":{"line":30,"column":12},"end":{"line":32,"column":13}},"4":{"start":{"line":31,"column":14},"end":{"line":31,"column":82}},"5":{"start":{"line":33,"column":12},"end":{"line":33,"column":57}}},"fnMap":{"0":{"name":"(anonymous_0)","decl":{"start":{"line":11,"column":12},"end":{"line":11,"column":13}},"loc":{"start":{"line":12,"column":2},"end":{"line":41,"column":11}},"line":12},"1":{"name":"(anonymous_1)","decl":{"start":{"line":29,"column":22},"end":{"line":29,"column":23}},"loc":{"start":{"line":29,"column":31},"end":{"line":34,"column":11}},"line":29}},"branchMap":{"0":{"loc":{"start":{"line":30,"column":12},"end":{"line":32,"column":13}},"type":"if","locations":[{"start":{"line":30,"column":12},"end":{"line":32,"column":13}},{"start":{"line":30,"column":12},"end":{"line":32,"column":13}}],"line":30}},"s":{"0":0,"1":0,"2":0,"3":0,"4":0,"5":0},"f":{"0":0,"1":0},"b":{"0":[0,0]},"hash":"2d37825d1fd6f0cc6cb205647a3e70d38c3219b8"}
,"/Users/yagnesh.modh/Projects/innoserve_capita/src/configureStore.js": {"path":"/Users/yagnesh.modh/Projects/innoserve_capita/src/configureStore.js","statementMap":{"0":{"start":{"line":6,"column":23},"end":{"line":6,"column":45}},"1":{"start":{"line":8,"column":25},"end":{"line":8,"column":79}},"2":{"start":{"line":10,"column":14},"end":{"line":10,"column":90}},"3":{"start":{"line":12,"column":0},"end":{"line":12,"column":29}}},"fnMap":{},"branchMap":{"0":{"loc":{"start":{"line":8,"column":25},"end":{"line":8,"column":79}},"type":"binary-expr","locations":[{"start":{"line":8,"column":25},"end":{"line":8,"column":68}},{"start":{"line":8,"column":72},"end":{"line":8,"column":79}}],"line":8}},"s":{"0":0,"1":0,"2":0,"3":0},"f":{},"b":{"0":[0,0]},"hash":"cd6e10aef4320cbb5867d1aad25329669671fc99"}
,"/Users/yagnesh.modh/Projects/innoserve_capita/src/demo.js": {"path":"/Users/yagnesh.modh/Projects/innoserve_capita/src/demo.js","statementMap":{"0":{"start":{"line":4,"column":12},"end":{"line":57,"column":1}},"1":{"start":{"line":5,"column":28},"end":{"line":5,"column":45}},"2":{"start":{"line":7,"column":30},"end":{"line":7,"column":54}},"3":{"start":{"line":8,"column":2},"end":{"line":10,"column":5}},"4":{"start":{"line":9,"column":4},"end":{"line":9,"column":36}},"5":{"start":{"line":12,"column":2},"end":{"line":18,"column":9}},"6":{"start":{"line":13,"column":4},"end":{"line":13,"column":44}},"7":{"start":{"line":14,"column":4},"end":{"line":14,"column":48}},"8":{"start":{"line":15,"column":4},"end":{"line":17,"column":6}},"9":{"start":{"line":16,"column":6},"end":{"line":16,"column":53}},"10":{"start":{"line":28,"column":2},"end":{"line":30,"column":3}},"11":{"start":{"line":29,"column":4},"end":{"line":29,"column":32}},"12":{"start":{"line":31,"column":2},"end":{"line":56,"column":4}},"13":{"start":{"line":42,"column":10},"end":{"line":42,"column":34}},"14":{"start":{"line":50,"column":10},"end":{"line":50,"column":49}},"15":{"start":{"line":59,"column":0},"end":{"line":63,"column":2}},"16":{"start":{"line":65,"column":0},"end":{"line":67,"column":2}}},"fnMap":{"0":{"name":"(anonymous_0)","decl":{"start":{"line":4,"column":12},"end":{"line":4,"column":13}},"loc":{"start":{"line":4,"column":46},"end":{"line":57,"column":1}},"line":4},"1":{"name":"(anonymous_1)","decl":{"start":{"line":8,"column":12},"end":{"line":8,"column":13}},"loc":{"start":{"line":8,"column":18},"end":{"line":10,"column":3}},"line":8},"2":{"name":"(anonymous_2)","decl":{"start":{"line":12,"column":12},"end":{"line":12,"column":13}},"loc":{"start":{"line":12,"column":18},"end":{"line":18,"column":3}},"line":12},"3":{"name":"(anonymous_3)","decl":{"start":{"line":14,"column":38},"end":{"line":14,"column":39}},"loc":{"start":{"line":14,"column":44},"end":{"line":14,"column":46}},"line":14},"4":{"name":"(anonymous_4)","decl":{"start":{"line":15,"column":11},"end":{"line":15,"column":12}},"loc":{"start":{"line":15,"column":17},"end":{"line":17,"column":5}},"line":15},"5":{"name":"(anonymous_5)","decl":{"start":{"line":16,"column":43},"end":{"line":16,"column":44}},"loc":{"start":{"line":16,"column":49},"end":{"line":16,"column":51}},"line":16},"6":{"name":"(anonymous_6)","decl":{"start":{"line":41,"column":17},"end":{"line":41,"column":18}},"loc":{"start":{"line":41,"column":23},"end":{"line":43,"column":9}},"line":41},"7":{"name":"(anonymous_7)","decl":{"start":{"line":49,"column":17},"end":{"line":49,"column":18}},"loc":{"start":{"line":49,"column":23},"end":{"line":51,"column":9}},"line":49}},"branchMap":{"0":{"loc":{"start":{"line":28,"column":2},"end":{"line":30,"column":3}},"type":"if","locations":[{"start":{"line":28,"column":2},"end":{"line":30,"column":3}},{"start":{"line":28,"column":2},"end":{"line":30,"column":3}}],"line":28},"1":{"loc":{"start":{"line":38,"column":7},"end":{"line":38,"column":60}},"type":"cond-expr","locations":[{"start":{"line":38,"column":18},"end":{"line":38,"column":37}},{"start":{"line":38,"column":40},"end":{"line":38,"column":60}}],"line":38}},"s":{"0":0,"1":0,"2":0,"3":0,"4":0,"5":0,"6":0,"7":0,"8":0,"9":0,"10":0,"11":0,"12":0,"13":0,"14":0,"15":0,"16":0},"f":{"0":0,"1":0,"2":0,"3":0,"4":0,"5":0,"6":0,"7":0},"b":{"0":[0,0],"1":[0,0]},"hash":"5696373cf57e5cc1e58fbbf440923ebd510c4303"}
,"/Users/yagnesh.modh/Projects/innoserve_capita/src/routes.js": {"path":"/Users/yagnesh.modh/Projects/innoserve_capita/src/routes.js","statementMap":{"0":{"start":{"line":4,"column":14},"end":{"line":6,"column":2}},"1":{"start":{"line":4,"column":29},"end":{"line":4,"column":54}},"2":{"start":{"line":7,"column":13},"end":{"line":9,"column":2}},"3":{"start":{"line":7,"column":28},"end":{"line":7,"column":52}},"4":{"start":{"line":10,"column":14},"end":{"line":12,"column":2}},"5":{"start":{"line":10,"column":29},"end":{"line":10,"column":54}},"6":{"start":{"line":13,"column":14},"end":{"line":15,"column":2}},"7":{"start":{"line":13,"column":29},"end":{"line":13,"column":54}},"8":{"start":{"line":17,"column":15},"end":{"line":36,"column":1}}},"fnMap":{"0":{"name":"(anonymous_0)","decl":{"start":{"line":4,"column":23},"end":{"line":4,"column":24}},"loc":{"start":{"line":4,"column":29},"end":{"line":4,"column":54}},"line":4},"1":{"name":"(anonymous_1)","decl":{"start":{"line":7,"column":22},"end":{"line":7,"column":23}},"loc":{"start":{"line":7,"column":28},"end":{"line":7,"column":52}},"line":7},"2":{"name":"(anonymous_2)","decl":{"start":{"line":10,"column":23},"end":{"line":10,"column":24}},"loc":{"start":{"line":10,"column":29},"end":{"line":10,"column":54}},"line":10},"3":{"name":"(anonymous_3)","decl":{"start":{"line":13,"column":23},"end":{"line":13,"column":24}},"loc":{"start":{"line":13,"column":29},"end":{"line":13,"column":54}},"line":13}},"branchMap":{},"s":{"0":0,"1":0,"2":0,"3":0,"4":0,"5":0,"6":0,"7":0,"8":0},"f":{"0":0,"1":0,"2":0,"3":0},"b":{},"hash":"03fd55497924d7fe1e8b91f90be92c87085f7f3b"}
,"/Users/yagnesh.modh/Projects/innoserve_capita/src/Todos/Header.js": {"path":"/Users/yagnesh.modh/Projects/innoserve_capita/src/Todos/Header.js","statementMap":{"0":{"start":{"line":10,"column":15},"end":{"line":10,"column":59}},"1":{"start":{"line":10,"column":29},"end":{"line":10,"column":59}}},"fnMap":{"0":{"name":"(anonymous_0)","decl":{"start":{"line":10,"column":15},"end":{"line":10,"column":16}},"loc":{"start":{"line":10,"column":29},"end":{"line":10,"column":59}},"line":10}},"branchMap":{"0":{"loc":{"start":{"line":10,"column":35},"end":{"line":10,"column":52}},"type":"binary-expr","locations":[{"start":{"line":10,"column":35},"end":{"line":10,"column":39}},{"start":{"line":10,"column":43},"end":{"line":10,"column":52}}],"line":10}},"s":{"0":0,"1":0},"f":{"0":0},"b":{"0":[0,0]},"hash":"295bc684ad09803cefa93133277186089a55b453"}
,"/Users/yagnesh.modh/Projects/innoserve_capita/src/Todos/InputText.js": {"path":"/Users/yagnesh.modh/Projects/innoserve_capita/src/Todos/InputText.js","statementMap":{"0":{"start":{"line":3,"column":18},"end":{"line":6,"column":1}},"1":{"start":{"line":4,"column":2},"end":{"line":4,"column":27}},"2":{"start":{"line":5,"column":2},"end":{"line":5,"column":31}}},"fnMap":{"0":{"name":"(anonymous_0)","decl":{"start":{"line":3,"column":18},"end":{"line":3,"column":19}},"loc":{"start":{"line":3,"column":24},"end":{"line":6,"column":1}},"line":3}},"branchMap":{},"s":{"0":0,"1":0,"2":0},"f":{"0":0},"b":{},"hash":"d7248b71134d9c4d1d7c9d3a91cabf91cbd70f21"}
,"/Users/yagnesh.modh/Projects/innoserve_capita/src/Todos/index.js": {"path":"/Users/yagnesh.modh/Projects/innoserve_capita/src/Todos/index.js","statementMap":{"0":{"start":{"line":8,"column":4},"end":{"line":8,"column":17}},"1":{"start":{"line":9,"column":4},"end":{"line":14,"column":6}},"2":{"start":{"line":18,"column":4},"end":{"line":18,"column":37}},"3":{"start":{"line":19,"column":4},"end":{"line":27,"column":5}},"4":{"start":{"line":20,"column":18},"end":{"line":20,"column":60}},"5":{"start":{"line":21,"column":20},"end":{"line":21,"column":36}},"6":{"start":{"line":22,"column":6},"end":{"line":22,"column":31}},"7":{"start":{"line":24,"column":6},"end":{"line":24,"column":46}},"8":{"start":{"line":26,"column":6},"end":{"line":26,"column":40}},"9":{"start":{"line":30,"column":12},"end":{"line":30,"column":20}},"10":{"start":{"line":32,"column":15},"end":{"line":34,"column":3}},"11":{"start":{"line":33,"column":4},"end":{"line":33,"column":55}},"12":{"start":{"line":36,"column":12},"end":{"line":61,"column":3}},"13":{"start":{"line":37,"column":4},"end":{"line":37,"column":23}},"14":{"start":{"line":38,"column":32},"end":{"line":38,"column":42}},"15":{"start":{"line":39,"column":4},"end":{"line":39,"column":37}},"16":{"start":{"line":40,"column":4},"end":{"line":55,"column":5}},"17":{"start":{"line":41,"column":18},"end":{"line":48,"column":8}},"18":{"start":{"line":49,"column":19},"end":{"line":49,"column":35}},"19":{"start":{"line":50,"column":6},"end":{"line":50,"column":63}},"20":{"start":{"line":52,"column":6},"end":{"line":52,"column":46}},"21":{"start":{"line":54,"column":6},"end":{"line":54,"column":40}},"22":{"start":{"line":63,"column":17},"end":{"line":99,"column":3}},"23":{"start":{"line":64,"column":22},"end":{"line":64,"column":32}},"24":{"start":{"line":65,"column":4},"end":{"line":85,"column":5}},"25":{"start":{"line":66,"column":18},"end":{"line":73,"column":8}},"26":{"start":{"line":74,"column":19},"end":{"line":74,"column":35}},"27":{"start":{"line":75,"column":6},"end":{"line":82,"column":9}},"28":{"start":{"line":77,"column":10},"end":{"line":79,"column":11}},"29":{"start":{"line":78,"column":12},"end":{"line":78,"column":24}},"30":{"start":{"line":80,"column":10},"end":{"line":80,"column":19}},"31":{"start":{"line":84,"column":6},"end":{"line":84,"column":35}},"32":{"start":{"line":101,"column":15},"end":{"line":113,"column":3}},"33":{"start":{"line":102,"column":22},"end":{"line":102,"column":32}},"34":{"start":{"line":103,"column":4},"end":{"line":112,"column":5}},"35":{"start":{"line":104,"column":6},"end":{"line":106,"column":9}},"36":{"start":{"line":107,"column":6},"end":{"line":109,"column":9}},"37":{"start":{"line":108,"column":33},"end":{"line":108,"column":49}},"38":{"start":{"line":111,"column":6},"end":{"line":111,"column":35}},"39":{"start":{"line":116,"column":48},"end":{"line":116,"column":58}},"40":{"start":{"line":117,"column":4},"end":{"line":119,"column":5}},"41":{"start":{"line":118,"column":6},"end":{"line":118,"column":30}},"42":{"start":{"line":120,"column":4},"end":{"line":183,"column":6}},"43":{"start":{"line":160,"column":14},"end":{"line":176,"column":20}},"44":{"start":{"line":164,"column":34},"end":{"line":164,"column":57}},"45":{"start":{"line":173,"column":53},"end":{"line":173,"column":74}}},"fnMap":{"0":{"name":"(anonymous_0)","decl":{"start":{"line":7,"column":2},"end":{"line":7,"column":3}},"loc":{"start":{"line":7,"column":21},"end":{"line":15,"column":3}},"line":7},"1":{"name":"(anonymous_1)","decl":{"start":{"line":17,"column":2},"end":{"line":17,"column":3}},"loc":{"start":{"line":17,"column":28},"end":{"line":28,"column":3}},"line":17},"2":{"name":"(anonymous_2)","decl":{"start":{"line":30,"column":12},"end":{"line":30,"column":13}},"loc":{"start":{"line":30,"column":18},"end":{"line":30,"column":20}},"line":30},"3":{"name":"(anonymous_3)","decl":{"start":{"line":32,"column":15},"end":{"line":32,"column":16}},"loc":{"start":{"line":32,"column":20},"end":{"line":34,"column":3}},"line":32},"4":{"name":"(anonymous_4)","decl":{"start":{"line":36,"column":12},"end":{"line":36,"column":13}},"loc":{"start":{"line":36,"column":23},"end":{"line":61,"column":3}},"line":36},"5":{"name":"(anonymous_5)","decl":{"start":{"line":63,"column":17},"end":{"line":63,"column":18}},"loc":{"start":{"line":63,"column":35},"end":{"line":99,"column":3}},"line":63},"6":{"name":"(anonymous_6)","decl":{"start":{"line":76,"column":25},"end":{"line":76,"column":26}},"loc":{"start":{"line":76,"column":30},"end":{"line":81,"column":9}},"line":76},"7":{"name":"(anonymous_7)","decl":{"start":{"line":101,"column":15},"end":{"line":101,"column":16}},"loc":{"start":{"line":101,"column":29},"end":{"line":113,"column":3}},"line":101},"8":{"name":"(anonymous_8)","decl":{"start":{"line":108,"column":28},"end":{"line":108,"column":29}},"loc":{"start":{"line":108,"column":33},"end":{"line":108,"column":49}},"line":108},"9":{"name":"(anonymous_9)","decl":{"start":{"line":115,"column":2},"end":{"line":115,"column":3}},"loc":{"start":{"line":115,"column":11},"end":{"line":184,"column":3}},"line":115},"10":{"name":"(anonymous_10)","decl":{"start":{"line":159,"column":23},"end":{"line":159,"column":24}},"loc":{"start":{"line":160,"column":14},"end":{"line":176,"column":20}},"line":160},"11":{"name":"(anonymous_11)","decl":{"start":{"line":164,"column":28},"end":{"line":164,"column":29}},"loc":{"start":{"line":164,"column":34},"end":{"line":164,"column":57}},"line":164},"12":{"name":"(anonymous_12)","decl":{"start":{"line":173,"column":47},"end":{"line":173,"column":48}},"loc":{"start":{"line":173,"column":53},"end":{"line":173,"column":74}},"line":173}},"branchMap":{"0":{"loc":{"start":{"line":77,"column":10},"end":{"line":79,"column":11}},"type":"if","locations":[{"start":{"line":77,"column":10},"end":{"line":79,"column":11}},{"start":{"line":77,"column":10},"end":{"line":79,"column":11}}],"line":77},"1":{"loc":{"start":{"line":117,"column":4},"end":{"line":119,"column":5}},"type":"if","locations":[{"start":{"line":117,"column":4},"end":{"line":119,"column":5}},{"start":{"line":117,"column":4},"end":{"line":119,"column":5}}],"line":117},"2":{"loc":{"start":{"line":168,"column":36},"end":{"line":168,"column":73}},"type":"cond-expr","locations":[{"start":{"line":168,"column":50},"end":{"line":168,"column":64}},{"start":{"line":168,"column":67},"end":{"line":168,"column":73}}],"line":168}},"s":{"0":0,"1":0,"2":0,"3":0,"4":0,"5":0,"6":0,"7":0,"8":0,"9":0,"10":0,"11":0,"12":0,"13":0,"14":0,"15":0,"16":0,"17":0,"18":0,"19":0,"20":0,"21":0,"22":0,"23":0,"24":0,"25":0,"26":0,"27":0,"28":0,"29":0,"30":0,"31":0,"32":0,"33":0,"34":0,"35":0,"36":0,"37":0,"38":0,"39":0,"40":0,"41":0,"42":0,"43":0,"44":0,"45":0},"f":{"0":0,"1":0,"2":0,"3":0,"4":0,"5":0,"6":0,"7":0,"8":0,"9":0,"10":0,"11":0,"12":0},"b":{"0":[0,0],"1":[0,0],"2":[0,0]},"hash":"bbd14d838d560e42ca62e2d042209126133fbc33"}
,"/Users/yagnesh.modh/Projects/innoserve_capita/src/components/Checkbox/index.js": {"path":"/Users/yagnesh.modh/Projects/innoserve_capita/src/components/Checkbox/index.js","statementMap":{"0":{"start":{"line":6,"column":14},"end":{"line":11,"column":1}},"1":{"start":{"line":7,"column":2},"end":{"line":10,"column":4}}},"fnMap":{"0":{"name":"(anonymous_0)","decl":{"start":{"line":6,"column":14},"end":{"line":6,"column":15}},"loc":{"start":{"line":7,"column":2},"end":{"line":10,"column":4}},"line":7}},"branchMap":{},"s":{"0":1,"1":0},"f":{"0":0},"b":{},"_coverageSchema":"43e27e138ebf9cfc5966b082cf9a028302ed4184","hash":"89293aa60455d37b496090b610822a399a21c6b9"}
,"/Users/yagnesh.modh/Projects/innoserve_capita/src/components/Form/index.js": {"path":"/Users/yagnesh.modh/Projects/innoserve_capita/src/components/Form/index.js","statementMap":{"0":{"start":{"line":6,"column":14},"end":{"line":21,"column":1}},"1":{"start":{"line":7,"column":2},"end":{"line":20,"column":11}},"2":{"start":{"line":9,"column":6},"end":{"line":18,"column":13}},"3":{"start":{"line":12,"column":12},"end":{"line":12,"column":49}}},"fnMap":{"0":{"name":"(anonymous_0)","decl":{"start":{"line":6,"column":14},"end":{"line":6,"column":15}},"loc":{"start":{"line":7,"column":2},"end":{"line":20,"column":11}},"line":7},"1":{"name":"(anonymous_1)","decl":{"start":{"line":8,"column":5},"end":{"line":8,"column":6}},"loc":{"start":{"line":9,"column":6},"end":{"line":18,"column":13}},"line":9},"2":{"name":"(anonymous_2)","decl":{"start":{"line":11,"column":22},"end":{"line":11,"column":23}},"loc":{"start":{"line":12,"column":12},"end":{"line":12,"column":49}},"line":12}},"branchMap":{},"s":{"0":2,"1":0,"2":0,"3":0},"f":{"0":0,"1":0,"2":0},"b":{},"_coverageSchema":"43e27e138ebf9cfc5966b082cf9a028302ed4184","hash":"31d4d7377025704958ca02069dba05f7d18c4d81"}
,"/Users/yagnesh.modh/Projects/innoserve_capita/src/components/PrivateRoute/PrivateRoute.js": {"path":"/Users/yagnesh.modh/Projects/innoserve_capita/src/components/PrivateRoute/PrivateRoute.js","statementMap":{"0":{"start":{"line":5,"column":21},"end":{"line":22,"column":1}},"1":{"start":{"line":6,"column":2},"end":{"line":21,"column":4}},"2":{"start":{"line":9,"column":6},"end":{"line":11,"column":7}},"3":{"start":{"line":10,"column":8},"end":{"line":10,"column":29}},"4":{"start":{"line":12,"column":6},"end":{"line":19,"column":8}}},"fnMap":{"0":{"name":"(anonymous_0)","decl":{"start":{"line":5,"column":21},"end":{"line":5,"column":22}},"loc":{"start":{"line":6,"column":2},"end":{"line":21,"column":4}},"line":6},"1":{"name":"(anonymous_1)","decl":{"start":{"line":8,"column":12},"end":{"line":8,"column":13}},"loc":{"start":{"line":8,"column":30},"end":{"line":20,"column":5}},"line":8}},"branchMap":{"0":{"loc":{"start":{"line":9,"column":6},"end":{"line":11,"column":7}},"type":"if","locations":[{"start":{"line":9,"column":6},"end":{"line":11,"column":7}},{"start":{"line":9,"column":6},"end":{"line":11,"column":7}}],"line":9}},"s":{"0":0,"1":0,"2":0,"3":0,"4":0},"f":{"0":0,"1":0},"b":{"0":[0,0]},"hash":"57d0f777106e0c4081da6653f40bb6ba05834ad6"}
,"/Users/yagnesh.modh/Projects/innoserve_capita/src/components/Select/Select.js": {"path":"/Users/yagnesh.modh/Projects/innoserve_capita/src/components/Select/Select.js","statementMap":{"0":{"start":{"line":4,"column":15},"end":{"line":12,"column":1}},"1":{"start":{"line":5,"column":2},"end":{"line":11,"column":11}},"2":{"start":{"line":7,"column":6},"end":{"line":9,"column":15}}},"fnMap":{"0":{"name":"(anonymous_0)","decl":{"start":{"line":4,"column":15},"end":{"line":4,"column":16}},"loc":{"start":{"line":5,"column":2},"end":{"line":11,"column":11}},"line":5},"1":{"name":"(anonymous_1)","decl":{"start":{"line":6,"column":17},"end":{"line":6,"column":18}},"loc":{"start":{"line":7,"column":6},"end":{"line":9,"column":15}},"line":7}},"branchMap":{},"s":{"0":1,"1":0,"2":0},"f":{"0":0,"1":0},"b":{},"_coverageSchema":"43e27e138ebf9cfc5966b082cf9a028302ed4184","hash":"99fbb96c60b9009f1209c865ce998d7b0a480ce7"}
,"/Users/yagnesh.modh/Projects/innoserve_capita/src/components/TextInput/index.js": {"path":"/Users/yagnesh.modh/Projects/innoserve_capita/src/components/TextInput/index.js","statementMap":{"0":{"start":{"line":6,"column":14},"end":{"line":11,"column":1}},"1":{"start":{"line":7,"column":2},"end":{"line":10,"column":8}}},"fnMap":{"0":{"name":"(anonymous_0)","decl":{"start":{"line":6,"column":14},"end":{"line":6,"column":15}},"loc":{"start":{"line":7,"column":2},"end":{"line":10,"column":8}},"line":7}},"branchMap":{},"s":{"0":2,"1":0},"f":{"0":0},"b":{},"_coverageSchema":"43e27e138ebf9cfc5966b082cf9a028302ed4184","hash":"30afbb21451bd47b51739d430c81d62b61ee2896"}
,"/Users/yagnesh.modh/Projects/innoserve_capita/src/constants/actionTypes.js": {"path":"/Users/yagnesh.modh/Projects/innoserve_capita/src/constants/actionTypes.js","statementMap":{"0":{"start":{"line":1,"column":23},"end":{"line":1,"column":32}},"1":{"start":{"line":2,"column":23},"end":{"line":2,"column":32}},"2":{"start":{"line":3,"column":20},"end":{"line":3,"column":26}},"3":{"start":{"line":5,"column":31},"end":{"line":5,"column":48}},"4":{"start":{"line":6,"column":28},"end":{"line":6,"column":42}},"5":{"start":{"line":7,"column":29},"end":{"line":7,"column":44}}},"fnMap":{},"branchMap":{},"s":{"0":0,"1":0,"2":0,"3":0,"4":0,"5":0},"f":{},"b":{},"hash":"7b9c4b8f580ad7c3c7a9846dd6b44d6f4cb86d76"}
,"/Users/yagnesh.modh/Projects/innoserve_capita/src/context/localeContext.js": {"path":"/Users/yagnesh.modh/Projects/innoserve_capita/src/context/localeContext.js","statementMap":{"0":{"start":{"line":6,"column":70},"end":{"line":6,"column":85}},"1":{"start":{"line":9,"column":10},"end":{"line":14,"column":3}},"2":{"start":{"line":12,"column":6},"end":{"line":12,"column":32}},"3":{"start":{"line":17,"column":25},"end":{"line":17,"column":35}},"4":{"start":{"line":18,"column":4},"end":{"line":18,"column":74}}},"fnMap":{"0":{"name":"(anonymous_0)","decl":{"start":{"line":11,"column":18},"end":{"line":11,"column":19}},"loc":{"start":{"line":11,"column":28},"end":{"line":13,"column":5}},"line":11},"1":{"name":"(anonymous_1)","decl":{"start":{"line":16,"column":2},"end":{"line":16,"column":3}},"loc":{"start":{"line":16,"column":11},"end":{"line":19,"column":3}},"line":16}},"branchMap":{},"s":{"0":0,"1":0,"2":0,"3":0,"4":0},"f":{"0":0,"1":0},"b":{},"hash":"23155952dda8f97037c178910ce73942ab13342e"}
,"/Users/yagnesh.modh/Projects/innoserve_capita/src/reducer/categoriesReducer.js": {"path":"/Users/yagnesh.modh/Projects/innoserve_capita/src/reducer/categoriesReducer.js","statementMap":{"0":{"start":{"line":3,"column":21},"end":{"line":3,"column":23}},"1":{"start":{"line":6,"column":2},"end":{"line":12,"column":3}},"2":{"start":{"line":8,"column":6},"end":{"line":8,"column":21}},"3":{"start":{"line":11,"column":6},"end":{"line":11,"column":19}}},"fnMap":{"0":{"name":"(anonymous_0)","decl":{"start":{"line":5,"column":15},"end":{"line":5,"column":16}},"loc":{"start":{"line":5,"column":60},"end":{"line":13,"column":1}},"line":5}},"branchMap":{"0":{"loc":{"start":{"line":5,"column":16},"end":{"line":5,"column":36}},"type":"default-arg","locations":[{"start":{"line":5,"column":24},"end":{"line":5,"column":36}}],"line":5},"1":{"loc":{"start":{"line":6,"column":2},"end":{"line":12,"column":3}},"type":"switch","locations":[{"start":{"line":7,"column":4},"end":{"line":8,"column":21}},{"start":{"line":10,"column":4},"end":{"line":11,"column":19}}],"line":6}},"s":{"0":0,"1":0,"2":0,"3":0},"f":{"0":0},"b":{"0":[0],"1":[0,0]},"hash":"bc01525f58a42643098209137fbf536e5c79334d"}
,"/Users/yagnesh.modh/Projects/innoserve_capita/src/reducer/errorReducer.js": {"path":"/Users/yagnesh.modh/Projects/innoserve_capita/src/reducer/errorReducer.js","statementMap":{"0":{"start":{"line":2,"column":18},"end":{"line":2,"column":50}},"1":{"start":{"line":3,"column":2},"end":{"line":5,"column":3}},"2":{"start":{"line":4,"column":4},"end":{"line":4,"column":17}},"3":{"start":{"line":7,"column":40},"end":{"line":7,"column":47}},"4":{"start":{"line":9,"column":2},"end":{"line":11,"column":3}},"5":{"start":{"line":10,"column":4},"end":{"line":10,"column":56}},"6":{"start":{"line":12,"column":43},"end":{"line":12,"column":48}},"7":{"start":{"line":13,"column":2},"end":{"line":13,"column":14}}},"fnMap":{"0":{"name":"(anonymous_0)","decl":{"start":{"line":1,"column":15},"end":{"line":1,"column":16}},"loc":{"start":{"line":1,"column":50},"end":{"line":14,"column":1}},"line":1}},"branchMap":{"0":{"loc":{"start":{"line":1,"column":16},"end":{"line":1,"column":26}},"type":"default-arg","locations":[{"start":{"line":1,"column":24},"end":{"line":1,"column":26}}],"line":1},"1":{"loc":{"start":{"line":3,"column":2},"end":{"line":5,"column":3}},"type":"if","locations":[{"start":{"line":3,"column":2},"end":{"line":5,"column":3}},{"start":{"line":3,"column":2},"end":{"line":5,"column":3}}],"line":3},"2":{"loc":{"start":{"line":9,"column":2},"end":{"line":11,"column":3}},"type":"if","locations":[{"start":{"line":9,"column":2},"end":{"line":11,"column":3}},{"start":{"line":9,"column":2},"end":{"line":11,"column":3}}],"line":9}},"s":{"0":0,"1":0,"2":0,"3":0,"4":0,"5":0,"6":0,"7":0},"f":{"0":0},"b":{"0":[0],"1":[0,0],"2":[0,0]},"hash":"f8dd010f8e849090e7d5e858dd4a46ab8e91744a"}
,"/Users/yagnesh.modh/Projects/innoserve_capita/src/reducer/index.js": {"path":"/Users/yagnesh.modh/Projects/innoserve_capita/src/reducer/index.js","statementMap":{},"fnMap":{},"branchMap":{},"s":{},"f":{},"b":{},"hash":"994fa1b12ad7452108c5e48ca71636811eb774b3"}
,"/Users/yagnesh.modh/Projects/innoserve_capita/src/reducer/lodingReducer.js": {"path":"/Users/yagnesh.modh/Projects/innoserve_capita/src/reducer/lodingReducer.js","statementMap":{"0":{"start":{"line":2,"column":18},"end":{"line":2,"column":58}},"1":{"start":{"line":3,"column":2},"end":{"line":5,"column":3}},"2":{"start":{"line":4,"column":4},"end":{"line":4,"column":17}},"3":{"start":{"line":7,"column":40},"end":{"line":7,"column":47}},"4":{"start":{"line":9,"column":2},"end":{"line":11,"column":3}},"5":{"start":{"line":10,"column":4},"end":{"line":10,"column":45}},"6":{"start":{"line":12,"column":43},"end":{"line":12,"column":48}},"7":{"start":{"line":13,"column":2},"end":{"line":13,"column":14}}},"fnMap":{"0":{"name":"(anonymous_0)","decl":{"start":{"line":1,"column":15},"end":{"line":1,"column":16}},"loc":{"start":{"line":1,"column":41},"end":{"line":14,"column":1}},"line":1}},"branchMap":{"0":{"loc":{"start":{"line":1,"column":16},"end":{"line":1,"column":26}},"type":"default-arg","locations":[{"start":{"line":1,"column":24},"end":{"line":1,"column":26}}],"line":1},"1":{"loc":{"start":{"line":3,"column":2},"end":{"line":5,"column":3}},"type":"if","locations":[{"start":{"line":3,"column":2},"end":{"line":5,"column":3}},{"start":{"line":3,"column":2},"end":{"line":5,"column":3}}],"line":3},"2":{"loc":{"start":{"line":9,"column":2},"end":{"line":11,"column":3}},"type":"if","locations":[{"start":{"line":9,"column":2},"end":{"line":11,"column":3}},{"start":{"line":9,"column":2},"end":{"line":11,"column":3}}],"line":9}},"s":{"0":0,"1":0,"2":0,"3":0,"4":0,"5":0,"6":0,"7":0},"f":{"0":0},"b":{"0":[0],"1":[0,0],"2":[0,0]},"hash":"c5772652f780bf89791118d09039a5282f452314"}
,"/Users/yagnesh.modh/Projects/innoserve_capita/src/reducer/productsReducer.js": {"path":"/Users/yagnesh.modh/Projects/innoserve_capita/src/reducer/productsReducer.js","statementMap":{"0":{"start":{"line":3,"column":21},"end":{"line":3,"column":23}},"1":{"start":{"line":6,"column":2},"end":{"line":15,"column":3}},"2":{"start":{"line":8,"column":6},"end":{"line":8,"column":21}},"3":{"start":{"line":11,"column":6},"end":{"line":11,"column":38}},"4":{"start":{"line":14,"column":6},"end":{"line":14,"column":19}}},"fnMap":{"0":{"name":"(anonymous_0)","decl":{"start":{"line":5,"column":15},"end":{"line":5,"column":16}},"loc":{"start":{"line":5,"column":60},"end":{"line":16,"column":1}},"line":5}},"branchMap":{"0":{"loc":{"start":{"line":5,"column":16},"end":{"line":5,"column":36}},"type":"default-arg","locations":[{"start":{"line":5,"column":24},"end":{"line":5,"column":36}}],"line":5},"1":{"loc":{"start":{"line":6,"column":2},"end":{"line":15,"column":3}},"type":"switch","locations":[{"start":{"line":7,"column":4},"end":{"line":8,"column":21}},{"start":{"line":10,"column":4},"end":{"line":11,"column":38}},{"start":{"line":13,"column":4},"end":{"line":14,"column":19}}],"line":6}},"s":{"0":0,"1":0,"2":0,"3":0,"4":0},"f":{"0":0},"b":{"0":[0],"1":[0,0,0]},"hash":"b976276bca6af1d0263bcc172ea06585d957d105"}
,"/Users/yagnesh.modh/Projects/innoserve_capita/src/reducer/userReducer.js": {"path":"/Users/yagnesh.modh/Projects/innoserve_capita/src/reducer/userReducer.js","statementMap":{"0":{"start":{"line":1,"column":21},"end":{"line":5,"column":1}},"1":{"start":{"line":8,"column":2},"end":{"line":8,"column":23}},"2":{"start":{"line":9,"column":2},"end":{"line":20,"column":3}},"3":{"start":{"line":11,"column":6},"end":{"line":11,"column":41}},"4":{"start":{"line":13,"column":6},"end":{"line":13,"column":57}},"5":{"start":{"line":16,"column":6},"end":{"line":16,"column":58}},"6":{"start":{"line":19,"column":6},"end":{"line":19,"column":19}}},"fnMap":{"0":{"name":"(anonymous_0)","decl":{"start":{"line":7,"column":15},"end":{"line":7,"column":16}},"loc":{"start":{"line":7,"column":60},"end":{"line":21,"column":1}},"line":7}},"branchMap":{"0":{"loc":{"start":{"line":7,"column":16},"end":{"line":7,"column":36}},"type":"default-arg","locations":[{"start":{"line":7,"column":24},"end":{"line":7,"column":36}}],"line":7},"1":{"loc":{"start":{"line":9,"column":2},"end":{"line":20,"column":3}},"type":"switch","locations":[{"start":{"line":10,"column":4},"end":{"line":11,"column":41}},{"start":{"line":12,"column":4},"end":{"line":13,"column":57}},{"start":{"line":15,"column":4},"end":{"line":16,"column":58}},{"start":{"line":18,"column":4},"end":{"line":19,"column":19}}],"line":9}},"s":{"0":0,"1":0,"2":0,"3":0,"4":0,"5":0,"6":0},"f":{"0":0},"b":{"0":[0],"1":[0,0,0,0]},"hash":"63d2e8e8c1a574e544b414d5c469e60945fd11b6"}
,"/Users/yagnesh.modh/Projects/innoserve_capita/src/sagas/categoriesSaga.js": {"path":"/Users/yagnesh.modh/Projects/innoserve_capita/src/sagas/categoriesSaga.js","statementMap":{"0":{"start":{"line":5,"column":2},"end":{"line":12,"column":3}},"1":{"start":{"line":6,"column":4},"end":{"line":6,"column":22}},"2":{"start":{"line":7,"column":16},"end":{"line":7,"column":69}},"3":{"start":{"line":8,"column":23},"end":{"line":8,"column":39}},"4":{"start":{"line":9,"column":4},"end":{"line":9,"column":78}},"5":{"start":{"line":11,"column":4},"end":{"line":11,"column":70}},"6":{"start":{"line":16,"column":2},"end":{"line":16,"column":67}}},"fnMap":{"0":{"name":"loadCategories","decl":{"start":{"line":4,"column":10},"end":{"line":4,"column":24}},"loc":{"start":{"line":4,"column":27},"end":{"line":13,"column":1}},"line":4},"1":{"name":"loadCategoriesRequest","decl":{"start":{"line":15,"column":25},"end":{"line":15,"column":46}},"loc":{"start":{"line":15,"column":49},"end":{"line":17,"column":1}},"line":15}},"branchMap":{},"s":{"0":0,"1":0,"2":0,"3":0,"4":0,"5":0,"6":0},"f":{"0":0,"1":0},"b":{},"hash":"90530557c32373929f54da578d601ab916930ed6"}
,"/Users/yagnesh.modh/Projects/innoserve_capita/src/sagas/index.js": {"path":"/Users/yagnesh.modh/Projects/innoserve_capita/src/sagas/index.js","statementMap":{"0":{"start":{"line":7,"column":2},"end":{"line":7,"column":59}}},"fnMap":{"0":{"name":"root","decl":{"start":{"line":6,"column":25},"end":{"line":6,"column":29}},"loc":{"start":{"line":6,"column":32},"end":{"line":8,"column":1}},"line":6}},"branchMap":{},"s":{"0":0},"f":{"0":0},"b":{},"hash":"2b3989938078277ae491a300bf7b8d7c471b3227"}
,"/Users/yagnesh.modh/Projects/innoserve_capita/src/sagas/procutsSaga.js": {"path":"/Users/yagnesh.modh/Projects/innoserve_capita/src/sagas/procutsSaga.js","statementMap":{"0":{"start":{"line":5,"column":2},"end":{"line":19,"column":3}},"1":{"start":{"line":6,"column":4},"end":{"line":6,"column":22}},"2":{"start":{"line":7,"column":16},"end":{"line":14,"column":6}},"3":{"start":{"line":15,"column":20},"end":{"line":15,"column":36}},"4":{"start":{"line":16,"column":4},"end":{"line":16,"column":72}},"5":{"start":{"line":18,"column":4},"end":{"line":18,"column":67}},"6":{"start":{"line":23,"column":2},"end":{"line":23,"column":63}},"7":{"start":{"line":27,"column":2},"end":{"line":33,"column":3}},"8":{"start":{"line":28,"column":16},"end":{"line":28,"column":67}},"9":{"start":{"line":29,"column":21},"end":{"line":29,"column":37}},"10":{"start":{"line":30,"column":4},"end":{"line":30,"column":74}},"11":{"start":{"line":32,"column":4},"end":{"line":32,"column":68}},"12":{"start":{"line":37,"column":2},"end":{"line":37,"column":64}},"13":{"start":{"line":41,"column":2},"end":{"line":41,"column":68}}},"fnMap":{"0":{"name":"saveProducts","decl":{"start":{"line":4,"column":10},"end":{"line":4,"column":22}},"loc":{"start":{"line":4,"column":36},"end":{"line":20,"column":1}},"line":4},"1":{"name":"saveProductsRequest","decl":{"start":{"line":22,"column":10},"end":{"line":22,"column":29}},"loc":{"start":{"line":22,"column":32},"end":{"line":24,"column":1}},"line":22},"2":{"name":"loadProducts","decl":{"start":{"line":26,"column":10},"end":{"line":26,"column":22}},"loc":{"start":{"line":26,"column":25},"end":{"line":34,"column":1}},"line":26},"3":{"name":"loadProductsRequest","decl":{"start":{"line":36,"column":10},"end":{"line":36,"column":29}},"loc":{"start":{"line":36,"column":32},"end":{"line":38,"column":1}},"line":36},"4":{"name":"rootProducts","decl":{"start":{"line":40,"column":25},"end":{"line":40,"column":37}},"loc":{"start":{"line":40,"column":40},"end":{"line":42,"column":1}},"line":40}},"branchMap":{},"s":{"0":0,"1":0,"2":0,"3":0,"4":0,"5":0,"6":0,"7":0,"8":0,"9":0,"10":0,"11":0,"12":0,"13":0},"f":{"0":0,"1":0,"2":0,"3":0,"4":0},"b":{},"hash":"b1e9c43369ae4e09c368415c1034ddb33293ddef"}
,"/Users/yagnesh.modh/Projects/innoserve_capita/src/sagas/userSaga.js": {"path":"/Users/yagnesh.modh/Projects/innoserve_capita/src/sagas/userSaga.js","statementMap":{"0":{"start":{"line":5,"column":2},"end":{"line":5,"column":20}},"1":{"start":{"line":6,"column":2},"end":{"line":6,"column":30}},"2":{"start":{"line":10,"column":2},"end":{"line":10,"column":43}}},"fnMap":{"0":{"name":"login","decl":{"start":{"line":4,"column":10},"end":{"line":4,"column":15}},"loc":{"start":{"line":4,"column":18},"end":{"line":7,"column":1}},"line":4},"1":{"name":"loginRequest","decl":{"start":{"line":9,"column":25},"end":{"line":9,"column":37}},"loc":{"start":{"line":9,"column":40},"end":{"line":11,"column":1}},"line":9}},"branchMap":{},"s":{"0":0,"1":0,"2":0},"f":{"0":0,"1":0},"b":{},"hash":"397a6cb9e16f6aa6e9d97e7e5a4a57858a45b6cb"}
,"/Users/yagnesh.modh/Projects/innoserve_capita/src/screens/pageNotFound.js": {"path":"/Users/yagnesh.modh/Projects/innoserve_capita/src/screens/pageNotFound.js","statementMap":{"0":{"start":{"line":3,"column":21},"end":{"line":7,"column":1}},"1":{"start":{"line":4,"column":2},"end":{"line":6,"column":8}}},"fnMap":{"0":{"name":"(anonymous_0)","decl":{"start":{"line":3,"column":21},"end":{"line":3,"column":22}},"loc":{"start":{"line":4,"column":2},"end":{"line":6,"column":8}},"line":4}},"branchMap":{},"s":{"0":0,"1":0},"f":{"0":0},"b":{},"hash":"6126279918d9b0ce8b444ee97fcbefa3d554bec0"}
,"/Users/yagnesh.modh/Projects/innoserve_capita/src/screens/about/index.js": {"path":"/Users/yagnesh.modh/Projects/innoserve_capita/src/screens/about/index.js","statementMap":{"0":{"start":{"line":5,"column":14},"end":{"line":26,"column":1}},"1":{"start":{"line":6,"column":2},"end":{"line":6,"column":27}},"2":{"start":{"line":7,"column":2},"end":{"line":25,"column":4}},"3":{"start":{"line":12,"column":10},"end":{"line":21,"column":16}},"4":{"start":{"line":17,"column":29},"end":{"line":17,"column":84}}},"fnMap":{"0":{"name":"(anonymous_0)","decl":{"start":{"line":5,"column":14},"end":{"line":5,"column":15}},"loc":{"start":{"line":5,"column":20},"end":{"line":26,"column":1}},"line":5},"1":{"name":"(anonymous_1)","decl":{"start":{"line":11,"column":9},"end":{"line":11,"column":10}},"loc":{"start":{"line":12,"column":10},"end":{"line":21,"column":16}},"line":12},"2":{"name":"(anonymous_2)","decl":{"start":{"line":17,"column":23},"end":{"line":17,"column":24}},"loc":{"start":{"line":17,"column":29},"end":{"line":17,"column":84}},"line":17}},"branchMap":{"0":{"loc":{"start":{"line":17,"column":48},"end":{"line":17,"column":83}},"type":"cond-expr","locations":[{"start":{"line":17,"column":72},"end":{"line":17,"column":76}},{"start":{"line":17,"column":79},"end":{"line":17,"column":83}}],"line":17}},"s":{"0":0,"1":0,"2":0,"3":0,"4":0},"f":{"0":0,"1":0,"2":0},"b":{"0":[0,0]},"hash":"3bb2fa85b708c868709c8c6e1a841aa6a483e3c0"}
,"/Users/yagnesh.modh/Projects/innoserve_capita/src/screens/home/Home.js": {"path":"/Users/yagnesh.modh/Projects/innoserve_capita/src/screens/home/Home.js","statementMap":{"0":{"start":{"line":7,"column":13},"end":{"line":40,"column":1}},"1":{"start":{"line":8,"column":26},"end":{"line":8,"column":40}},"2":{"start":{"line":10,"column":2},"end":{"line":12,"column":9}},"3":{"start":{"line":11,"column":4},"end":{"line":11,"column":21}},"4":{"start":{"line":14,"column":2},"end":{"line":22,"column":19}},"5":{"start":{"line":15,"column":22},"end":{"line":20,"column":6}},"6":{"start":{"line":16,"column":6},"end":{"line":18,"column":7}},"7":{"start":{"line":17,"column":8},"end":{"line":17,"column":45}},"8":{"start":{"line":19,"column":6},"end":{"line":19,"column":15}},"9":{"start":{"line":21,"column":4},"end":{"line":21,"column":23}},"10":{"start":{"line":24,"column":2},"end":{"line":26,"column":3}},"11":{"start":{"line":25,"column":4},"end":{"line":25,"column":32}},"12":{"start":{"line":28,"column":2},"end":{"line":39,"column":4}},"13":{"start":{"line":34,"column":50},"end":{"line":34,"column":77}},"14":{"start":{"line":42,"column":0},"end":{"line":47,"column":2}}},"fnMap":{"0":{"name":"(anonymous_0)","decl":{"start":{"line":7,"column":13},"end":{"line":7,"column":14}},"loc":{"start":{"line":7,"column":78},"end":{"line":40,"column":1}},"line":7},"1":{"name":"(anonymous_1)","decl":{"start":{"line":10,"column":12},"end":{"line":10,"column":13}},"loc":{"start":{"line":10,"column":18},"end":{"line":12,"column":3}},"line":10},"2":{"name":"(anonymous_2)","decl":{"start":{"line":14,"column":12},"end":{"line":14,"column":13}},"loc":{"start":{"line":14,"column":18},"end":{"line":22,"column":3}},"line":14},"3":{"name":"(anonymous_3)","decl":{"start":{"line":15,"column":33},"end":{"line":15,"column":34}},"loc":{"start":{"line":15,"column":38},"end":{"line":20,"column":5}},"line":15},"4":{"name":"(anonymous_4)","decl":{"start":{"line":34,"column":39},"end":{"line":34,"column":40}},"loc":{"start":{"line":34,"column":50},"end":{"line":34,"column":77}},"line":34}},"branchMap":{"0":{"loc":{"start":{"line":16,"column":6},"end":{"line":18,"column":7}},"type":"if","locations":[{"start":{"line":16,"column":6},"end":{"line":18,"column":7}},{"start":{"line":16,"column":6},"end":{"line":18,"column":7}}],"line":16},"1":{"loc":{"start":{"line":24,"column":2},"end":{"line":26,"column":3}},"type":"if","locations":[{"start":{"line":24,"column":2},"end":{"line":26,"column":3}},{"start":{"line":24,"column":2},"end":{"line":26,"column":3}}],"line":24},"2":{"loc":{"start":{"line":31,"column":7},"end":{"line":37,"column":7}},"type":"binary-expr","locations":[{"start":{"line":31,"column":7},"end":{"line":31,"column":11}},{"start":{"line":32,"column":8},"end":{"line":36,"column":10}}],"line":31}},"s":{"0":1,"1":5,"2":5,"3":0,"4":5,"5":0,"6":0,"7":0,"8":0,"9":0,"10":5,"11":1,"12":4,"13":0,"14":1},"f":{"0":5,"1":0,"2":0,"3":0,"4":0},"b":{"0":[0,0],"1":[1,4],"2":[4,0]},"_coverageSchema":"43e27e138ebf9cfc5966b082cf9a028302ed4184","hash":"d3e7c239aa9f4ae67d3dd43362fcfd59bb1b0ff1"}
,"/Users/yagnesh.modh/Projects/innoserve_capita/src/screens/home/fields.js": {"path":"/Users/yagnesh.modh/Projects/innoserve_capita/src/screens/home/fields.js","statementMap":{"0":{"start":{"line":11,"column":18},"end":{"line":11,"column":20}},"1":{"start":{"line":12,"column":6},"end":{"line":14,"column":7}},"2":{"start":{"line":13,"column":8},"end":{"line":13,"column":29}},"3":{"start":{"line":15,"column":6},"end":{"line":15,"column":19}},"4":{"start":{"line":25,"column":18},"end":{"line":25,"column":20}},"5":{"start":{"line":26,"column":6},"end":{"line":28,"column":7}},"6":{"start":{"line":27,"column":8},"end":{"line":27,"column":29}},"7":{"start":{"line":29,"column":6},"end":{"line":29,"column":19}},"8":{"start":{"line":39,"column":18},"end":{"line":39,"column":20}},"9":{"start":{"line":40,"column":6},"end":{"line":42,"column":7}},"10":{"start":{"line":41,"column":8},"end":{"line":41,"column":29}},"11":{"start":{"line":43,"column":6},"end":{"line":43,"column":19}}},"fnMap":{"0":{"name":"(anonymous_0)","decl":{"start":{"line":10,"column":14},"end":{"line":10,"column":15}},"loc":{"start":{"line":10,"column":23},"end":{"line":16,"column":5}},"line":10},"1":{"name":"(anonymous_1)","decl":{"start":{"line":24,"column":14},"end":{"line":24,"column":15}},"loc":{"start":{"line":24,"column":23},"end":{"line":30,"column":5}},"line":24},"2":{"name":"(anonymous_2)","decl":{"start":{"line":38,"column":14},"end":{"line":38,"column":15}},"loc":{"start":{"line":38,"column":23},"end":{"line":44,"column":5}},"line":38}},"branchMap":{"0":{"loc":{"start":{"line":12,"column":6},"end":{"line":14,"column":7}},"type":"if","locations":[{"start":{"line":12,"column":6},"end":{"line":14,"column":7}},{"start":{"line":12,"column":6},"end":{"line":14,"column":7}}],"line":12},"1":{"loc":{"start":{"line":26,"column":6},"end":{"line":28,"column":7}},"type":"if","locations":[{"start":{"line":26,"column":6},"end":{"line":28,"column":7}},{"start":{"line":26,"column":6},"end":{"line":28,"column":7}}],"line":26},"2":{"loc":{"start":{"line":40,"column":6},"end":{"line":42,"column":7}},"type":"if","locations":[{"start":{"line":40,"column":6},"end":{"line":42,"column":7}},{"start":{"line":40,"column":6},"end":{"line":42,"column":7}}],"line":40}},"s":{"0":0,"1":0,"2":0,"3":0,"4":0,"5":0,"6":0,"7":0,"8":0,"9":0,"10":0,"11":0},"f":{"0":0,"1":0,"2":0},"b":{"0":[0,0],"1":[0,0],"2":[0,0]},"_coverageSchema":"43e27e138ebf9cfc5966b082cf9a028302ed4184","hash":"ce70623685c1878c3414b4d32c31ce2da894a249"}
,"/Users/yagnesh.modh/Projects/innoserve_capita/src/screens/home/index.js": {"path":"/Users/yagnesh.modh/Projects/innoserve_capita/src/screens/home/index.js","statementMap":{"0":{"start":{"line":7,"column":2},"end":{"line":10,"column":4}},"1":{"start":{"line":8,"column":43},"end":{"line":8,"column":64}},"2":{"start":{"line":14,"column":2},"end":{"line":18,"column":4}},"3":{"start":{"line":15,"column":26},"end":{"line":15,"column":77}},"4":{"start":{"line":17,"column":6},"end":{"line":17,"column":85}}},"fnMap":{"0":{"name":"mapStateToProps","decl":{"start":{"line":6,"column":9},"end":{"line":6,"column":24}},"loc":{"start":{"line":6,"column":32},"end":{"line":11,"column":1}},"line":6},"1":{"name":"(anonymous_1)","decl":{"start":{"line":8,"column":37},"end":{"line":8,"column":38}},"loc":{"start":{"line":8,"column":43},"end":{"line":8,"column":64}},"line":8},"2":{"name":"mapDispatchToProps","decl":{"start":{"line":13,"column":9},"end":{"line":13,"column":27}},"loc":{"start":{"line":13,"column":38},"end":{"line":19,"column":1}},"line":13},"3":{"name":"(anonymous_3)","decl":{"start":{"line":15,"column":20},"end":{"line":15,"column":21}},"loc":{"start":{"line":15,"column":26},"end":{"line":15,"column":77}},"line":15},"4":{"name":"(anonymous_4)","decl":{"start":{"line":16,"column":24},"end":{"line":16,"column":25}},"loc":{"start":{"line":17,"column":6},"end":{"line":17,"column":85}},"line":17}},"branchMap":{"0":{"loc":{"start":{"line":9,"column":13},"end":{"line":9,"column":74}},"type":"binary-expr","locations":[{"start":{"line":9,"column":13},"end":{"line":9,"column":43}},{"start":{"line":9,"column":47},"end":{"line":9,"column":74}}],"line":9}},"s":{"0":0,"1":0,"2":0,"3":0,"4":0},"f":{"0":0,"1":0,"2":0,"3":0,"4":0},"b":{"0":[0,0]},"hash":"7fbd74c4b712f7f28b9e00d3440d97cbb871ef7d"}
,"/Users/yagnesh.modh/Projects/innoserve_capita/src/screens/login/index.js": {"path":"/Users/yagnesh.modh/Projects/innoserve_capita/src/screens/login/index.js","statementMap":{"0":{"start":{"line":12,"column":15},"end":{"line":46,"column":1}},"1":{"start":{"line":19,"column":18},"end":{"line":19,"column":20}},"2":{"start":{"line":20,"column":6},"end":{"line":22,"column":7}},"3":{"start":{"line":21,"column":8},"end":{"line":21,"column":29}},"4":{"start":{"line":23,"column":6},"end":{"line":23,"column":19}},"5":{"start":{"line":33,"column":18},"end":{"line":33,"column":20}},"6":{"start":{"line":34,"column":6},"end":{"line":36,"column":7}},"7":{"start":{"line":35,"column":8},"end":{"line":35,"column":29}},"8":{"start":{"line":37,"column":6},"end":{"line":37,"column":19}},"9":{"start":{"line":48,"column":21},"end":{"line":66,"column":1}},"10":{"start":{"line":49,"column":2},"end":{"line":65,"column":8}},"11":{"start":{"line":61,"column":48},"end":{"line":61,"column":75}},"12":{"start":{"line":68,"column":24},"end":{"line":71,"column":2}},"13":{"start":{"line":68,"column":34},"end":{"line":71,"column":1}},"14":{"start":{"line":73,"column":27},"end":{"line":75,"column":2}},"15":{"start":{"line":73,"column":40},"end":{"line":75,"column":1}},"16":{"start":{"line":74,"column":15},"end":{"line":74,"column":50}}},"fnMap":{"0":{"name":"(anonymous_0)","decl":{"start":{"line":18,"column":14},"end":{"line":18,"column":15}},"loc":{"start":{"line":18,"column":23},"end":{"line":24,"column":5}},"line":18},"1":{"name":"(anonymous_1)","decl":{"start":{"line":32,"column":14},"end":{"line":32,"column":15}},"loc":{"start":{"line":32,"column":23},"end":{"line":38,"column":5}},"line":32},"2":{"name":"(anonymous_2)","decl":{"start":{"line":48,"column":21},"end":{"line":48,"column":22}},"loc":{"start":{"line":49,"column":2},"end":{"line":65,"column":8}},"line":49},"3":{"name":"(anonymous_3)","decl":{"start":{"line":61,"column":37},"end":{"line":61,"column":38}},"loc":{"start":{"line":61,"column":48},"end":{"line":61,"column":75}},"line":61},"4":{"name":"(anonymous_4)","decl":{"start":{"line":68,"column":24},"end":{"line":68,"column":25}},"loc":{"start":{"line":68,"column":34},"end":{"line":71,"column":1}},"line":68},"5":{"name":"(anonymous_5)","decl":{"start":{"line":73,"column":27},"end":{"line":73,"column":28}},"loc":{"start":{"line":73,"column":40},"end":{"line":75,"column":1}},"line":73},"6":{"name":"(anonymous_6)","decl":{"start":{"line":74,"column":9},"end":{"line":74,"column":10}},"loc":{"start":{"line":74,"column":15},"end":{"line":74,"column":50}},"line":74}},"branchMap":{"0":{"loc":{"start":{"line":20,"column":6},"end":{"line":22,"column":7}},"type":"if","locations":[{"start":{"line":20,"column":6},"end":{"line":22,"column":7}},{"start":{"line":20,"column":6},"end":{"line":22,"column":7}}],"line":20},"1":{"loc":{"start":{"line":34,"column":6},"end":{"line":36,"column":7}},"type":"if","locations":[{"start":{"line":34,"column":6},"end":{"line":36,"column":7}},{"start":{"line":34,"column":6},"end":{"line":36,"column":7}}],"line":34}},"s":{"0":1,"1":0,"2":0,"3":0,"4":0,"5":0,"6":0,"7":0,"8":0,"9":1,"10":1,"11":3,"12":1,"13":0,"14":1,"15":0,"16":0},"f":{"0":0,"1":0,"2":1,"3":3,"4":0,"5":0,"6":0},"b":{"0":[0,0],"1":[0,0]},"_coverageSchema":"43e27e138ebf9cfc5966b082cf9a028302ed4184","hash":"45a2b8bef161f91f51b788ff4d8578393da8eaaa"}
,"/Users/yagnesh.modh/Projects/innoserve_capita/src/screens/users/index.js": {"path":"/Users/yagnesh.modh/Projects/innoserve_capita/src/screens/users/index.js","statementMap":{"0":{"start":{"line":3,"column":14},"end":{"line":7,"column":1}},"1":{"start":{"line":4,"column":2},"end":{"line":6,"column":8}}},"fnMap":{"0":{"name":"(anonymous_0)","decl":{"start":{"line":3,"column":14},"end":{"line":3,"column":15}},"loc":{"start":{"line":4,"column":2},"end":{"line":6,"column":8}},"line":4}},"branchMap":{},"s":{"0":0,"1":0},"f":{"0":0},"b":{},"hash":"7bdc73ad1d279866237b78b8e91a7e5859e714a9"}
}
