TN:
SF:/Users/yagnesh.modh/Projects/innoserve_capita/src/App.js
FN:11,(anonymous_0)
FN:29,(anonymous_1)
FNF:2
FNH:0
FNDA:0,(anonymous_0)
FNDA:0,(anonymous_1)
DA:9,0
DA:11,0
DA:12,0
DA:30,0
DA:31,0
DA:33,0
LF:6
LH:0
BRDA:30,0,0,0
BRDA:30,0,1,0
BRF:2
BRH:0
end_of_record
TN:
SF:/Users/yagnesh.modh/Projects/innoserve_capita/src/configureStore.js
FNF:0
FNH:0
DA:6,0
DA:8,0
DA:10,0
DA:12,0
LF:4
LH:0
BRDA:8,0,0,0
BRDA:8,0,1,0
BRF:2
BRH:0
end_of_record
TN:
SF:/Users/yagnesh.modh/Projects/innoserve_capita/src/demo.js
FN:4,(anonymous_0)
FN:8,(anonymous_1)
FN:12,(anonymous_2)
FN:14,(anonymous_3)
FN:15,(anonymous_4)
FN:16,(anonymous_5)
FN:41,(anonymous_6)
FN:49,(anonymous_7)
FNF:8
FNH:0
FNDA:0,(anonymous_0)
FNDA:0,(anonymous_1)
FNDA:0,(anonymous_2)
FNDA:0,(anonymous_3)
FNDA:0,(anonymous_4)
FNDA:0,(anonymous_5)
FNDA:0,(anonymous_6)
FNDA:0,(anonymous_7)
DA:4,0
DA:5,0
DA:7,0
DA:8,0
DA:9,0
DA:12,0
DA:13,0
DA:14,0
DA:15,0
DA:16,0
DA:28,0
DA:29,0
DA:31,0
DA:42,0
DA:50,0
DA:59,0
DA:65,0
LF:17
LH:0
BRDA:28,0,0,0
BRDA:28,0,1,0
BRDA:38,1,0,0
BRDA:38,1,1,0
BRF:4
BRH:0
end_of_record
TN:
SF:/Users/yagnesh.modh/Projects/innoserve_capita/src/routes.js
FN:4,(anonymous_0)
FN:7,(anonymous_1)
FN:10,(anonymous_2)
FN:13,(anonymous_3)
FNF:4
FNH:0
FNDA:0,(anonymous_0)
FNDA:0,(anonymous_1)
FNDA:0,(anonymous_2)
FNDA:0,(anonymous_3)
DA:4,0
DA:7,0
DA:10,0
DA:13,0
DA:17,0
LF:5
LH:0
BRF:0
BRH:0
end_of_record
TN:
SF:/Users/yagnesh.modh/Projects/innoserve_capita/src/Todos/Header.js
FN:10,(anonymous_0)
FNF:1
FNH:0
FNDA:0,(anonymous_0)
DA:10,0
LF:1
LH:0
BRDA:10,0,0,0
BRDA:10,0,1,0
BRF:2
BRH:0
end_of_record
TN:
SF:/Users/yagnesh.modh/Projects/innoserve_capita/src/Todos/InputText.js
FN:3,(anonymous_0)
FNF:1
FNH:0
FNDA:0,(anonymous_0)
DA:3,0
DA:4,0
DA:5,0
LF:3
LH:0
BRF:0
BRH:0
end_of_record
TN:
SF:/Users/yagnesh.modh/Projects/innoserve_capita/src/Todos/index.js
FN:7,(anonymous_0)
FN:17,(anonymous_1)
FN:30,(anonymous_2)
FN:32,(anonymous_3)
FN:36,(anonymous_4)
FN:63,(anonymous_5)
FN:76,(anonymous_6)
FN:101,(anonymous_7)
FN:108,(anonymous_8)
FN:115,(anonymous_9)
FN:159,(anonymous_10)
FN:164,(anonymous_11)
FN:173,(anonymous_12)
FNF:13
FNH:0
FNDA:0,(anonymous_0)
FNDA:0,(anonymous_1)
FNDA:0,(anonymous_2)
FNDA:0,(anonymous_3)
FNDA:0,(anonymous_4)
FNDA:0,(anonymous_5)
FNDA:0,(anonymous_6)
FNDA:0,(anonymous_7)
FNDA:0,(anonymous_8)
FNDA:0,(anonymous_9)
FNDA:0,(anonymous_10)
FNDA:0,(anonymous_11)
FNDA:0,(anonymous_12)
DA:8,0
DA:9,0
DA:18,0
DA:19,0
DA:20,0
DA:21,0
DA:22,0
DA:24,0
DA:26,0
DA:30,0
DA:32,0
DA:33,0
DA:36,0
DA:37,0
DA:38,0
DA:39,0
DA:40,0
DA:41,0
DA:49,0
DA:50,0
DA:52,0
DA:54,0
DA:63,0
DA:64,0
DA:65,0
DA:66,0
DA:74,0
DA:75,0
DA:77,0
DA:78,0
DA:80,0
DA:84,0
DA:101,0
DA:102,0
DA:103,0
DA:104,0
DA:107,0
DA:108,0
DA:111,0
DA:116,0
DA:117,0
DA:118,0
DA:120,0
DA:160,0
DA:164,0
DA:173,0
LF:46
LH:0
BRDA:77,0,0,0
BRDA:77,0,1,0
BRDA:117,1,0,0
BRDA:117,1,1,0
BRDA:168,2,0,0
BRDA:168,2,1,0
BRF:6
BRH:0
end_of_record
TN:
SF:/Users/yagnesh.modh/Projects/innoserve_capita/src/components/Checkbox/index.js
FN:6,(anonymous_0)
FNF:1
FNH:0
FNDA:0,(anonymous_0)
DA:6,1
DA:7,0
LF:2
LH:1
BRF:0
BRH:0
end_of_record
TN:
SF:/Users/yagnesh.modh/Projects/innoserve_capita/src/components/Form/index.js
FN:6,(anonymous_0)
FN:8,(anonymous_1)
FN:11,(anonymous_2)
FNF:3
FNH:0
FNDA:0,(anonymous_0)
FNDA:0,(anonymous_1)
FNDA:0,(anonymous_2)
DA:6,2
DA:7,0
DA:9,0
DA:12,0
LF:4
LH:1
BRF:0
BRH:0
end_of_record
TN:
SF:/Users/yagnesh.modh/Projects/innoserve_capita/src/components/PrivateRoute/PrivateRoute.js
FN:5,(anonymous_0)
FN:8,(anonymous_1)
FNF:2
FNH:0
FNDA:0,(anonymous_0)
FNDA:0,(anonymous_1)
DA:5,0
DA:6,0
DA:9,0
DA:10,0
DA:12,0
LF:5
LH:0
BRDA:9,0,0,0
BRDA:9,0,1,0
BRF:2
BRH:0
end_of_record
TN:
SF:/Users/yagnesh.modh/Projects/innoserve_capita/src/components/Select/Select.js
FN:4,(anonymous_0)
FN:6,(anonymous_1)
FNF:2
FNH:0
FNDA:0,(anonymous_0)
FNDA:0,(anonymous_1)
DA:4,1
DA:5,0
DA:7,0
LF:3
LH:1
BRF:0
BRH:0
end_of_record
TN:
SF:/Users/yagnesh.modh/Projects/innoserve_capita/src/components/TextInput/index.js
FN:6,(anonymous_0)
FNF:1
FNH:0
FNDA:0,(anonymous_0)
DA:6,2
DA:7,0
LF:2
LH:1
BRF:0
BRH:0
end_of_record
TN:
SF:/Users/yagnesh.modh/Projects/innoserve_capita/src/constants/actionTypes.js
FNF:0
FNH:0
DA:1,0
DA:2,0
DA:3,0
DA:5,0
DA:6,0
DA:7,0
LF:6
LH:0
BRF:0
BRH:0
end_of_record
TN:
SF:/Users/yagnesh.modh/Projects/innoserve_capita/src/context/localeContext.js
FN:11,(anonymous_0)
FN:16,(anonymous_1)
FNF:2
FNH:0
FNDA:0,(anonymous_0)
FNDA:0,(anonymous_1)
DA:6,0
DA:9,0
DA:12,0
DA:17,0
DA:18,0
LF:5
LH:0
BRF:0
BRH:0
end_of_record
TN:
SF:/Users/yagnesh.modh/Projects/innoserve_capita/src/reducer/categoriesReducer.js
FN:5,(anonymous_0)
FNF:1
FNH:0
FNDA:0,(anonymous_0)
DA:3,0
DA:6,0
DA:8,0
DA:11,0
LF:4
LH:0
BRDA:5,0,0,0
BRDA:6,1,0,0
BRDA:6,1,1,0
BRF:3
BRH:0
end_of_record
TN:
SF:/Users/yagnesh.modh/Projects/innoserve_capita/src/reducer/errorReducer.js
FN:1,(anonymous_0)
FNF:1
FNH:0
FNDA:0,(anonymous_0)
DA:2,0
DA:3,0
DA:4,0
DA:7,0
DA:9,0
DA:10,0
DA:12,0
DA:13,0
LF:8
LH:0
BRDA:1,0,0,0
BRDA:3,1,0,0
BRDA:3,1,1,0
BRDA:9,2,0,0
BRDA:9,2,1,0
BRF:5
BRH:0
end_of_record
TN:
SF:/Users/yagnesh.modh/Projects/innoserve_capita/src/reducer/index.js
FNF:0
FNH:0
LF:0
LH:0
BRF:0
BRH:0
end_of_record
TN:
SF:/Users/yagnesh.modh/Projects/innoserve_capita/src/reducer/lodingReducer.js
FN:1,(anonymous_0)
FNF:1
FNH:0
FNDA:0,(anonymous_0)
DA:2,0
DA:3,0
DA:4,0
DA:7,0
DA:9,0
DA:10,0
DA:12,0
DA:13,0
LF:8
LH:0
BRDA:1,0,0,0
BRDA:3,1,0,0
BRDA:3,1,1,0
BRDA:9,2,0,0
BRDA:9,2,1,0
BRF:5
BRH:0
end_of_record
TN:
SF:/Users/yagnesh.modh/Projects/innoserve_capita/src/reducer/productsReducer.js
FN:5,(anonymous_0)
FNF:1
FNH:0
FNDA:0,(anonymous_0)
DA:3,0
DA:6,0
DA:8,0
DA:11,0
DA:14,0
LF:5
LH:0
BRDA:5,0,0,0
BRDA:6,1,0,0
BRDA:6,1,1,0
BRDA:6,1,2,0
BRF:4
BRH:0
end_of_record
TN:
SF:/Users/yagnesh.modh/Projects/innoserve_capita/src/reducer/userReducer.js
FN:7,(anonymous_0)
FNF:1
FNH:0
FNDA:0,(anonymous_0)
DA:1,0
DA:8,0
DA:9,0
DA:11,0
DA:13,0
DA:16,0
DA:19,0
LF:7
LH:0
BRDA:7,0,0,0
BRDA:9,1,0,0
BRDA:9,1,1,0
BRDA:9,1,2,0
BRDA:9,1,3,0
BRF:5
BRH:0
end_of_record
TN:
SF:/Users/yagnesh.modh/Projects/innoserve_capita/src/sagas/categoriesSaga.js
FN:4,loadCategories
FN:15,loadCategoriesRequest
FNF:2
FNH:0
FNDA:0,loadCategories
FNDA:0,loadCategoriesRequest
DA:5,0
DA:6,0
DA:7,0
DA:8,0
DA:9,0
DA:11,0
DA:16,0
LF:7
LH:0
BRF:0
BRH:0
end_of_record
TN:
SF:/Users/yagnesh.modh/Projects/innoserve_capita/src/sagas/index.js
FN:6,root
FNF:1
FNH:0
FNDA:0,root
DA:7,0
LF:1
LH:0
BRF:0
BRH:0
end_of_record
TN:
SF:/Users/yagnesh.modh/Projects/innoserve_capita/src/sagas/procutsSaga.js
FN:4,saveProducts
FN:22,saveProductsRequest
FN:26,loadProducts
FN:36,loadProductsRequest
FN:40,rootProducts
FNF:5
FNH:0
FNDA:0,saveProducts
FNDA:0,saveProductsRequest
FNDA:0,loadProducts
FNDA:0,loadProductsRequest
FNDA:0,rootProducts
DA:5,0
DA:6,0
DA:7,0
DA:15,0
DA:16,0
DA:18,0
DA:23,0
DA:27,0
DA:28,0
DA:29,0
DA:30,0
DA:32,0
DA:37,0
DA:41,0
LF:14
LH:0
BRF:0
BRH:0
end_of_record
TN:
SF:/Users/yagnesh.modh/Projects/innoserve_capita/src/sagas/userSaga.js
FN:4,login
FN:9,loginRequest
FNF:2
FNH:0
FNDA:0,login
FNDA:0,loginRequest
DA:5,0
DA:6,0
DA:10,0
LF:3
LH:0
BRF:0
BRH:0
end_of_record
TN:
SF:/Users/yagnesh.modh/Projects/innoserve_capita/src/screens/pageNotFound.js
FN:3,(anonymous_0)
FNF:1
FNH:0
FNDA:0,(anonymous_0)
DA:3,0
DA:4,0
LF:2
LH:0
BRF:0
BRH:0
end_of_record
TN:
SF:/Users/yagnesh.modh/Projects/innoserve_capita/src/screens/about/index.js
FN:5,(anonymous_0)
FN:11,(anonymous_1)
FN:17,(anonymous_2)
FNF:3
FNH:0
FNDA:0,(anonymous_0)
FNDA:0,(anonymous_1)
FNDA:0,(anonymous_2)
DA:5,0
DA:6,0
DA:7,0
DA:12,0
DA:17,0
LF:5
LH:0
BRDA:17,0,0,0
BRDA:17,0,1,0
BRF:2
BRH:0
end_of_record
TN:
SF:/Users/yagnesh.modh/Projects/innoserve_capita/src/screens/home/Home.js
FN:7,(anonymous_0)
FN:10,(anonymous_1)
FN:14,(anonymous_2)
FN:15,(anonymous_3)
FN:34,(anonymous_4)
FNF:5
FNH:1
FNDA:5,(anonymous_0)
FNDA:0,(anonymous_1)
FNDA:0,(anonymous_2)
FNDA:0,(anonymous_3)
FNDA:0,(anonymous_4)
DA:7,1
DA:8,5
DA:10,5
DA:11,0
DA:14,5
DA:15,0
DA:16,0
DA:17,0
DA:19,0
DA:21,0
DA:24,5
DA:25,1
DA:28,4
DA:34,0
DA:42,1
LF:15
LH:8
BRDA:16,0,0,0
BRDA:16,0,1,0
BRDA:24,1,0,1
BRDA:24,1,1,4
BRDA:31,2,0,4
BRDA:31,2,1,0
BRF:6
BRH:3
end_of_record
TN:
SF:/Users/yagnesh.modh/Projects/innoserve_capita/src/screens/home/fields.js
FN:10,(anonymous_0)
FN:24,(anonymous_1)
FN:38,(anonymous_2)
FNF:3
FNH:0
FNDA:0,(anonymous_0)
FNDA:0,(anonymous_1)
FNDA:0,(anonymous_2)
DA:11,0
DA:12,0
DA:13,0
DA:15,0
DA:25,0
DA:26,0
DA:27,0
DA:29,0
DA:39,0
DA:40,0
DA:41,0
DA:43,0
LF:12
LH:0
BRDA:12,0,0,0
BRDA:12,0,1,0
BRDA:26,1,0,0
BRDA:26,1,1,0
BRDA:40,2,0,0
BRDA:40,2,1,0
BRF:6
BRH:0
end_of_record
TN:
SF:/Users/yagnesh.modh/Projects/innoserve_capita/src/screens/home/index.js
FN:6,mapStateToProps
FN:8,(anonymous_1)
FN:13,mapDispatchToProps
FN:15,(anonymous_3)
FN:16,(anonymous_4)
FNF:5
FNH:0
FNDA:0,mapStateToProps
FNDA:0,(anonymous_1)
FNDA:0,mapDispatchToProps
FNDA:0,(anonymous_3)
FNDA:0,(anonymous_4)
DA:7,0
DA:8,0
DA:14,0
DA:15,0
DA:17,0
LF:5
LH:0
BRDA:9,0,0,0
BRDA:9,0,1,0
BRF:2
BRH:0
end_of_record
TN:
SF:/Users/yagnesh.modh/Projects/innoserve_capita/src/screens/login/index.js
FN:18,(anonymous_0)
FN:32,(anonymous_1)
FN:48,(anonymous_2)
FN:61,(anonymous_3)
FN:68,(anonymous_4)
FN:73,(anonymous_5)
FN:74,(anonymous_6)
FNF:7
FNH:2
FNDA:0,(anonymous_0)
FNDA:0,(anonymous_1)
FNDA:1,(anonymous_2)
FNDA:3,(anonymous_3)
FNDA:0,(anonymous_4)
FNDA:0,(anonymous_5)
FNDA:0,(anonymous_6)
DA:12,1
DA:19,0
DA:20,0
DA:21,0
DA:23,0
DA:33,0
DA:34,0
DA:35,0
DA:37,0
DA:48,1
DA:49,1
DA:61,3
DA:68,1
DA:73,1
DA:74,0
LF:15
LH:6
BRDA:20,0,0,0
BRDA:20,0,1,0
BRDA:34,1,0,0
BRDA:34,1,1,0
BRF:4
BRH:0
end_of_record
TN:
SF:/Users/yagnesh.modh/Projects/innoserve_capita/src/screens/users/index.js
FN:3,(anonymous_0)
FNF:1
FNH:0
FNDA:0,(anonymous_0)
DA:3,0
DA:4,0
LF:2
LH:0
BRF:0
BRH:0
end_of_record
